------------------------------------------------------------------------------------------------------------------------

[2025-10-12 13:22:39 #1 store] 
Database 'C:\Users\Agustin\git\IS2_Proyecto1.1\src\main\resources\rides.temp' is opened by 9028@DESKTOP-KL7S583

[2025-10-12 13:22:40 #2 type.registry] 
New type domain.Driver

[2025-10-12 13:22:40 #3 type] 
Type domain.Driver is not enhanced.

[2025-10-12 13:22:40 #4 type.registry] 
New type domain.Complaint

[2025-10-12 13:22:40 #5 type.registry] 
New type domain.Transaction

[2025-10-12 13:22:40 #6 type.registry] 
New type domain.Car

[2025-10-12 13:22:40 #7 type.registry] 
New type domain.Reservation

[2025-10-12 13:22:40 #8 type.registry] 
New type domain.Ride

[2025-10-12 13:22:40 #9 type.registry] 
New type int[]

[2025-10-12 13:22:40 #10 type] 
Type domain.Complaint is not enhanced.

[2025-10-12 13:22:40 #11 type] 
Type domain.Transaction is not enhanced.

[2025-10-12 13:22:40 #12 type.registry] 
New type domain.Traveler

[2025-10-12 13:22:40 #13 type] 
Type domain.Car is not enhanced.

[2025-10-12 13:22:40 #14 type] 
Type domain.Reservation is not enhanced.

[2025-10-12 13:22:40 #15 type] 
Type domain.Ride is not enhanced.

[2025-10-12 13:22:40 #16 type] 
Type domain.Traveler is not enhanced.

[2025-10-12 13:22:40 #17 type.registry] 
New type domain.Alert

[2025-10-12 13:22:40 #18 type] 
Type domain.Alert is not enhanced.

[2025-10-12 13:22:40 #19 type.registry] 
New type domain.Admin

[2025-10-12 13:22:40 #20 type] 
Type domain.Admin is not enhanced.

[2025-10-12 13:22:40 #21 type.registry] 
New type java.util.Vector<java.lang.Object>

[2025-10-12 13:22:40 #22 type.registry] 
New type java.util.ArrayList<java.lang.Object>

[2025-10-12 13:22:40 #23 type.registry] 
New type java.util.Vector<domain.Ride>

[2025-10-12 13:22:40 #24 type.registry] 
New type java.util.Vector<domain.Reservation>

[2025-10-12 13:22:40 #25 type.registry] 
New type java.util.Vector<domain.Car>

[2025-10-12 13:22:40 #26 type.registry] 
New type java.util.Vector<domain.Transaction>

[2025-10-12 13:22:40 #27 type.registry] 
New type java.util.Vector<domain.Complaint>

[2025-10-12 13:22:40 #28 type.registry] 
New type java.util.ArrayList<domain.Ride>

[2025-10-12 13:22:40 #29 type.registry] 
New type java.util.Vector<domain.Alert>

------------------------------------------------------------------------------------------------------------------------

[2025-10-12 13:23:05 #1 store] 
Database 'C:\Users\Agustin\git\IS2_Proyecto1.1\src\main\resources\rides.temp' is opened by 2324@DESKTOP-KL7S583

[2025-10-12 13:23:05 #2 type.registry] 
New type domain.Driver

[2025-10-12 13:23:05 #3 type] 
Type domain.Driver is not enhanced.

[2025-10-12 13:23:05 #4 type.registry] 
New type domain.Complaint

[2025-10-12 13:23:05 #5 type.registry] 
New type domain.Transaction

[2025-10-12 13:23:05 #6 type.registry] 
New type domain.Car

[2025-10-12 13:23:05 #7 type.registry] 
New type domain.Reservation

[2025-10-12 13:23:05 #8 type.registry] 
New type domain.Ride

[2025-10-12 13:23:05 #9 type.registry] 
New type int[]

[2025-10-12 13:23:05 #10 type] 
Type domain.Complaint is not enhanced.

[2025-10-12 13:23:05 #11 type] 
Type domain.Transaction is not enhanced.

[2025-10-12 13:23:05 #12 type.registry] 
New type domain.Traveler

[2025-10-12 13:23:05 #13 type] 
Type domain.Car is not enhanced.

[2025-10-12 13:23:05 #14 type] 
Type domain.Reservation is not enhanced.

[2025-10-12 13:23:05 #15 type] 
Type domain.Ride is not enhanced.

[2025-10-12 13:23:05 #16 type] 
Type domain.Traveler is not enhanced.

[2025-10-12 13:23:05 #17 type.registry] 
New type domain.Alert

[2025-10-12 13:23:05 #18 type] 
Type domain.Alert is not enhanced.

[2025-10-12 13:23:05 #19 type.registry] 
New type domain.Admin

[2025-10-12 13:23:05 #20 type] 
Type domain.Admin is not enhanced.

[2025-10-12 13:23:05 #21 type.registry] 
New type java.util.Vector<java.lang.Object>

[2025-10-12 13:23:05 #22 type.registry] 
New type java.util.ArrayList<java.lang.Object>

[2025-10-12 13:23:05 #23 type.registry] 
New type java.util.Vector<domain.Ride>

[2025-10-12 13:23:05 #24 type.registry] 
New type java.util.Vector<domain.Reservation>

[2025-10-12 13:23:05 #25 type.registry] 
New type java.util.Vector<domain.Car>

[2025-10-12 13:23:05 #26 type.registry] 
New type java.util.Vector<domain.Transaction>

[2025-10-12 13:23:05 #27 type.registry] 
New type java.util.Vector<domain.Complaint>

[2025-10-12 13:23:05 #28 type.registry] 
New type java.util.ArrayList<domain.Ride>

[2025-10-12 13:23:05 #29 type.registry] 
New type java.util.Vector<domain.Alert>

