------------------------------------------------------------------------------------------------------------------------

[2025-10-14 12:52:15 #1 store] 
Database 'C:\Users\Agustin\git\IS2_Proyecto1.1\src\main\resources\rides.temp' is opened by 16580@DESKTOP-KL7S583

[2025-10-14 12:52:15 #2 type.registry] 
New type domain.Driver

[2025-10-14 12:52:15 #3 type] 
Type domain.Driver is not enhanced.

[2025-10-14 12:52:15 #4 type.registry] 
New type domain.Complaint

[2025-10-14 12:52:15 #5 type.registry] 
New type domain.Transaction

[2025-10-14 12:52:15 #6 type.registry] 
New type domain.Car

[2025-10-14 12:52:15 #7 type.registry] 
New type domain.Reservation

[2025-10-14 12:52:15 #8 type.registry] 
New type domain.Ride

[2025-10-14 12:52:15 #9 type.registry] 
New type int[]

[2025-10-14 12:52:15 #10 type] 
Type domain.Complaint is not enhanced.

[2025-10-14 12:52:15 #11 type] 
Type domain.Transaction is not enhanced.

[2025-10-14 12:52:15 #12 type.registry] 
New type domain.Traveler

[2025-10-14 12:52:15 #13 type] 
Type domain.Car is not enhanced.

[2025-10-14 12:52:15 #14 type] 
Type domain.Reservation is not enhanced.

[2025-10-14 12:52:15 #15 type] 
Type domain.Ride is not enhanced.

[2025-10-14 12:52:15 #16 type] 
Type domain.Traveler is not enhanced.

[2025-10-14 12:52:15 #17 type.registry] 
New type domain.Alert

[2025-10-14 12:52:15 #18 type] 
Type domain.Alert is not enhanced.

[2025-10-14 12:52:15 #19 type.registry] 
New type domain.Admin

[2025-10-14 12:52:15 #20 type] 
Type domain.Admin is not enhanced.

[2025-10-14 12:52:15 #21 type.registry] 
New type java.util.Vector<java.lang.Object>

[2025-10-14 12:52:15 #22 type.registry] 
New type java.util.ArrayList<java.lang.Object>

[2025-10-14 12:52:15 #23 type.registry] 
New type java.util.Vector<domain.Ride>

[2025-10-14 12:52:15 #24 type.registry] 
New type java.util.Vector<domain.Reservation>

[2025-10-14 12:52:15 #25 type.registry] 
New type java.util.Vector<domain.Car>

[2025-10-14 12:52:15 #26 type.registry] 
New type java.util.Vector<domain.Transaction>

[2025-10-14 12:52:15 #27 type.registry] 
New type java.util.Vector<domain.Complaint>

[2025-10-14 12:52:15 #28 type.registry] 
New type java.util.ArrayList<domain.Ride>

[2025-10-14 12:52:15 #29 type.registry] 
New type java.util.Vector<domain.Alert>

------------------------------------------------------------------------------------------------------------------------

[2025-10-14 13:05:47 #1 store] 
Database 'C:\Users\Agustin\git\IS2_Proyecto1.1\src\main\resources\rides.temp' is opened by 9800@DESKTOP-KL7S583

[2025-10-14 13:05:48 #2 type.registry] 
New type domain.Driver

[2025-10-14 13:05:48 #3 type] 
Type domain.Driver is not enhanced.

[2025-10-14 13:05:48 #4 type.registry] 
New type domain.Complaint

[2025-10-14 13:05:48 #5 type.registry] 
New type domain.Transaction

[2025-10-14 13:05:48 #6 type.registry] 
New type domain.Car

[2025-10-14 13:05:48 #7 type.registry] 
New type domain.Reservation

[2025-10-14 13:05:48 #8 type.registry] 
New type domain.Ride

[2025-10-14 13:05:48 #9 type.registry] 
New type int[]

[2025-10-14 13:05:48 #10 type] 
Type domain.Complaint is not enhanced.

[2025-10-14 13:05:48 #11 type] 
Type domain.Transaction is not enhanced.

[2025-10-14 13:05:48 #12 type.registry] 
New type domain.Traveler

[2025-10-14 13:05:48 #13 type] 
Type domain.Car is not enhanced.

[2025-10-14 13:05:48 #14 type] 
Type domain.Reservation is not enhanced.

[2025-10-14 13:05:48 #15 type] 
Type domain.Ride is not enhanced.

[2025-10-14 13:05:48 #16 type] 
Type domain.Traveler is not enhanced.

[2025-10-14 13:05:48 #17 type.registry] 
New type domain.Alert

[2025-10-14 13:05:48 #18 type] 
Type domain.Alert is not enhanced.

[2025-10-14 13:05:48 #19 type.registry] 
New type domain.Admin

[2025-10-14 13:05:48 #20 type] 
Type domain.Admin is not enhanced.

[2025-10-14 13:05:48 #21 type.registry] 
New type java.util.Vector<java.lang.Object>

[2025-10-14 13:05:48 #22 type.registry] 
New type java.util.ArrayList<java.lang.Object>

[2025-10-14 13:05:48 #23 type.registry] 
New type java.util.Vector<domain.Ride>

[2025-10-14 13:05:48 #24 type.registry] 
New type java.util.Vector<domain.Reservation>

[2025-10-14 13:05:48 #25 type.registry] 
New type java.util.Vector<domain.Car>

[2025-10-14 13:05:48 #26 type.registry] 
New type java.util.Vector<domain.Transaction>

[2025-10-14 13:05:48 #27 type.registry] 
New type java.util.Vector<domain.Complaint>

[2025-10-14 13:05:48 #28 type.registry] 
New type java.util.ArrayList<domain.Ride>

[2025-10-14 13:05:48 #29 type.registry] 
New type java.util.Vector<domain.Alert>

------------------------------------------------------------------------------------------------------------------------

[2025-10-14 13:06:44 #1 store] 
Database 'C:\Users\Agustin\git\IS2_Proyecto1.1\src\main\resources\rides.temp' is opened by 10852@DESKTOP-KL7S583

[2025-10-14 13:06:44 #2 type.registry] 
New type domain.Driver

[2025-10-14 13:06:44 #3 type] 
Type domain.Driver is not enhanced.

[2025-10-14 13:06:44 #4 type.registry] 
New type domain.Complaint

[2025-10-14 13:06:44 #5 type.registry] 
New type domain.Transaction

[2025-10-14 13:06:44 #6 type.registry] 
New type domain.Car

[2025-10-14 13:06:44 #7 type.registry] 
New type domain.Reservation

[2025-10-14 13:06:44 #8 type.registry] 
New type domain.Ride

[2025-10-14 13:06:44 #9 type.registry] 
New type int[]

[2025-10-14 13:06:44 #10 type] 
Type domain.Complaint is not enhanced.

[2025-10-14 13:06:44 #11 type] 
Type domain.Transaction is not enhanced.

[2025-10-14 13:06:44 #12 type.registry] 
New type domain.Traveler

[2025-10-14 13:06:44 #13 type] 
Type domain.Car is not enhanced.

[2025-10-14 13:06:44 #14 type] 
Type domain.Reservation is not enhanced.

[2025-10-14 13:06:44 #15 type] 
Type domain.Ride is not enhanced.

[2025-10-14 13:06:44 #16 type] 
Type domain.Traveler is not enhanced.

[2025-10-14 13:06:44 #17 type.registry] 
New type domain.Alert

[2025-10-14 13:06:44 #18 type] 
Type domain.Alert is not enhanced.

[2025-10-14 13:06:44 #19 type.registry] 
New type domain.Admin

[2025-10-14 13:06:44 #20 type] 
Type domain.Admin is not enhanced.

[2025-10-14 13:06:44 #21 type.registry] 
New type java.util.Vector<java.lang.Object>

[2025-10-14 13:06:44 #22 type.registry] 
New type java.util.ArrayList<java.lang.Object>

[2025-10-14 13:06:44 #23 type.registry] 
New type java.util.Vector<domain.Ride>

[2025-10-14 13:06:44 #24 type.registry] 
New type java.util.Vector<domain.Reservation>

[2025-10-14 13:06:44 #25 type.registry] 
New type java.util.Vector<domain.Car>

[2025-10-14 13:06:44 #26 type.registry] 
New type java.util.Vector<domain.Transaction>

[2025-10-14 13:06:44 #27 type.registry] 
New type java.util.Vector<domain.Complaint>

[2025-10-14 13:06:44 #28 type.registry] 
New type java.util.ArrayList<domain.Ride>

[2025-10-14 13:06:44 #29 type.registry] 
New type java.util.Vector<domain.Alert>

------------------------------------------------------------------------------------------------------------------------

[2025-10-14 13:07:36 #1 store] 
Database 'C:\Users\Agustin\git\IS2_Proyecto1.1\src\main\resources\rides.temp' is opened by 408@DESKTOP-KL7S583

[2025-10-14 13:07:37 #2 type.registry] 
New type domain.Driver

[2025-10-14 13:07:37 #3 type] 
Type domain.Driver is not enhanced.

[2025-10-14 13:07:37 #4 type.registry] 
New type domain.Complaint

[2025-10-14 13:07:37 #5 type.registry] 
New type domain.Transaction

[2025-10-14 13:07:37 #6 type.registry] 
New type domain.Car

[2025-10-14 13:07:37 #7 type.registry] 
New type domain.Reservation

[2025-10-14 13:07:37 #8 type.registry] 
New type domain.Ride

[2025-10-14 13:07:37 #9 type.registry] 
New type int[]

[2025-10-14 13:07:37 #10 type] 
Type domain.Complaint is not enhanced.

[2025-10-14 13:07:37 #11 type] 
Type domain.Transaction is not enhanced.

[2025-10-14 13:07:37 #12 type.registry] 
New type domain.Traveler

[2025-10-14 13:07:37 #13 type] 
Type domain.Car is not enhanced.

[2025-10-14 13:07:37 #14 type] 
Type domain.Reservation is not enhanced.

[2025-10-14 13:07:37 #15 type] 
Type domain.Ride is not enhanced.

[2025-10-14 13:07:37 #16 type] 
Type domain.Traveler is not enhanced.

[2025-10-14 13:07:37 #17 type.registry] 
New type domain.Alert

[2025-10-14 13:07:37 #18 type] 
Type domain.Alert is not enhanced.

[2025-10-14 13:07:37 #19 type.registry] 
New type domain.Admin

[2025-10-14 13:07:37 #20 type] 
Type domain.Admin is not enhanced.

[2025-10-14 13:07:37 #21 type.registry] 
New type java.util.Vector<java.lang.Object>

[2025-10-14 13:07:37 #22 type.registry] 
New type java.util.ArrayList<java.lang.Object>

[2025-10-14 13:07:37 #23 type.registry] 
New type java.util.Vector<domain.Ride>

[2025-10-14 13:07:37 #24 type.registry] 
New type java.util.Vector<domain.Reservation>

[2025-10-14 13:07:37 #25 type.registry] 
New type java.util.Vector<domain.Car>

[2025-10-14 13:07:37 #26 type.registry] 
New type java.util.Vector<domain.Transaction>

[2025-10-14 13:07:37 #27 type.registry] 
New type java.util.Vector<domain.Complaint>

[2025-10-14 13:07:37 #28 type.registry] 
New type java.util.ArrayList<domain.Ride>

[2025-10-14 13:07:37 #29 type.registry] 
New type java.util.Vector<domain.Alert>

------------------------------------------------------------------------------------------------------------------------

[2025-10-14 13:09:09 #1 store] 
Database 'C:\Users\Agustin\git\IS2_Proyecto1.1\src\main\resources\rides.temp' is opened by 2784@DESKTOP-KL7S583

[2025-10-14 13:09:09 #2 type.registry] 
New type domain.Driver

[2025-10-14 13:09:09 #3 type] 
Type domain.Driver is not enhanced.

[2025-10-14 13:09:09 #4 type.registry] 
New type domain.Complaint

[2025-10-14 13:09:09 #5 type.registry] 
New type domain.Transaction

[2025-10-14 13:09:09 #6 type.registry] 
New type domain.Car

[2025-10-14 13:09:09 #7 type.registry] 
New type domain.Reservation

[2025-10-14 13:09:09 #8 type.registry] 
New type domain.Ride

[2025-10-14 13:09:09 #9 type.registry] 
New type int[]

[2025-10-14 13:09:09 #10 type] 
Type domain.Complaint is not enhanced.

[2025-10-14 13:09:09 #11 type] 
Type domain.Transaction is not enhanced.

[2025-10-14 13:09:09 #12 type.registry] 
New type domain.Traveler

[2025-10-14 13:09:09 #13 type] 
Type domain.Car is not enhanced.

[2025-10-14 13:09:09 #14 type] 
Type domain.Reservation is not enhanced.

[2025-10-14 13:09:09 #15 type] 
Type domain.Ride is not enhanced.

[2025-10-14 13:09:09 #16 type] 
Type domain.Traveler is not enhanced.

[2025-10-14 13:09:09 #17 type.registry] 
New type domain.Alert

[2025-10-14 13:09:09 #18 type] 
Type domain.Alert is not enhanced.

[2025-10-14 13:09:09 #19 type.registry] 
New type domain.Admin

[2025-10-14 13:09:09 #20 type] 
Type domain.Admin is not enhanced.

[2025-10-14 13:09:09 #21 type.registry] 
New type java.util.Vector<java.lang.Object>

[2025-10-14 13:09:09 #22 type.registry] 
New type java.util.ArrayList<java.lang.Object>

[2025-10-14 13:09:09 #23 type.registry] 
New type java.util.Vector<domain.Ride>

[2025-10-14 13:09:09 #24 type.registry] 
New type java.util.Vector<domain.Reservation>

[2025-10-14 13:09:09 #25 type.registry] 
New type java.util.Vector<domain.Car>

[2025-10-14 13:09:09 #26 type.registry] 
New type java.util.Vector<domain.Transaction>

[2025-10-14 13:09:09 #27 type.registry] 
New type java.util.Vector<domain.Complaint>

[2025-10-14 13:09:09 #28 type.registry] 
New type java.util.ArrayList<domain.Ride>

[2025-10-14 13:09:09 #29 type.registry] 
New type java.util.Vector<domain.Alert>

------------------------------------------------------------------------------------------------------------------------

[2025-10-14 13:10:07 #1 store] 
Database 'C:\Users\Agustin\git\IS2_Proyecto1.1\src\main\resources\rides.temp' is opened by 9348@DESKTOP-KL7S583

[2025-10-14 13:10:08 #2 type.registry] 
New type domain.Driver

[2025-10-14 13:10:08 #3 type] 
Type domain.Driver is not enhanced.

[2025-10-14 13:10:08 #4 type.registry] 
New type domain.Complaint

[2025-10-14 13:10:08 #5 type.registry] 
New type domain.Transaction

[2025-10-14 13:10:08 #6 type.registry] 
New type domain.Car

[2025-10-14 13:10:08 #7 type.registry] 
New type domain.Reservation

[2025-10-14 13:10:08 #8 type.registry] 
New type domain.Ride

[2025-10-14 13:10:08 #9 type.registry] 
New type int[]

[2025-10-14 13:10:08 #10 type] 
Type domain.Complaint is not enhanced.

[2025-10-14 13:10:08 #11 type] 
Type domain.Transaction is not enhanced.

[2025-10-14 13:10:08 #12 type.registry] 
New type domain.Traveler

[2025-10-14 13:10:08 #13 type] 
Type domain.Car is not enhanced.

[2025-10-14 13:10:08 #14 type] 
Type domain.Reservation is not enhanced.

[2025-10-14 13:10:08 #15 type] 
Type domain.Ride is not enhanced.

[2025-10-14 13:10:08 #16 type] 
Type domain.Traveler is not enhanced.

[2025-10-14 13:10:08 #17 type.registry] 
New type domain.Alert

[2025-10-14 13:10:08 #18 type] 
Type domain.Alert is not enhanced.

[2025-10-14 13:10:08 #19 type.registry] 
New type domain.Admin

[2025-10-14 13:10:08 #20 type] 
Type domain.Admin is not enhanced.

[2025-10-14 13:10:08 #21 type.registry] 
New type java.util.Vector<java.lang.Object>

[2025-10-14 13:10:08 #22 type.registry] 
New type java.util.ArrayList<java.lang.Object>

[2025-10-14 13:10:08 #23 type.registry] 
New type java.util.Vector<domain.Ride>

[2025-10-14 13:10:08 #24 type.registry] 
New type java.util.Vector<domain.Reservation>

[2025-10-14 13:10:08 #25 type.registry] 
New type java.util.Vector<domain.Car>

[2025-10-14 13:10:08 #26 type.registry] 
New type java.util.Vector<domain.Transaction>

[2025-10-14 13:10:08 #27 type.registry] 
New type java.util.Vector<domain.Complaint>

[2025-10-14 13:10:08 #28 type.registry] 
New type java.util.ArrayList<domain.Ride>

[2025-10-14 13:10:08 #29 type.registry] 
New type java.util.Vector<domain.Alert>

------------------------------------------------------------------------------------------------------------------------

[2025-10-14 13:16:24 #1 store] 
Database 'C:\Users\Agustin\git\IS2_Proyecto1.1\src\main\resources\rides.temp' is opened by 13828@DESKTOP-KL7S583

[2025-10-14 13:16:24 #2 type.registry] 
New type domain.Driver

[2025-10-14 13:16:24 #3 type] 
Type domain.Driver is not enhanced.

[2025-10-14 13:16:24 #4 type.registry] 
New type domain.Complaint

[2025-10-14 13:16:25 #5 type.registry] 
New type domain.Transaction

[2025-10-14 13:16:25 #6 type.registry] 
New type domain.Car

[2025-10-14 13:16:25 #7 type.registry] 
New type domain.Reservation

[2025-10-14 13:16:25 #8 type.registry] 
New type domain.Ride

[2025-10-14 13:16:25 #9 type.registry] 
New type int[]

[2025-10-14 13:16:25 #10 type] 
Type domain.Complaint is not enhanced.

[2025-10-14 13:16:25 #11 type] 
Type domain.Transaction is not enhanced.

[2025-10-14 13:16:25 #12 type.registry] 
New type domain.Traveler

[2025-10-14 13:16:25 #13 type] 
Type domain.Car is not enhanced.

[2025-10-14 13:16:25 #14 type] 
Type domain.Reservation is not enhanced.

[2025-10-14 13:16:25 #15 type] 
Type domain.Ride is not enhanced.

[2025-10-14 13:16:25 #16 type] 
Type domain.Traveler is not enhanced.

[2025-10-14 13:16:25 #17 type.registry] 
New type domain.Alert

[2025-10-14 13:16:25 #18 type] 
Type domain.Alert is not enhanced.

[2025-10-14 13:16:25 #19 type.registry] 
New type domain.Admin

[2025-10-14 13:16:25 #20 type] 
Type domain.Admin is not enhanced.

[2025-10-14 13:16:25 #21 type.registry] 
New type java.util.Vector<java.lang.Object>

[2025-10-14 13:16:25 #22 type.registry] 
New type java.util.ArrayList<java.lang.Object>

[2025-10-14 13:16:25 #23 type.registry] 
New type java.util.Vector<domain.Ride>

[2025-10-14 13:16:25 #24 type.registry] 
New type java.util.Vector<domain.Reservation>

[2025-10-14 13:16:25 #25 type.registry] 
New type java.util.Vector<domain.Car>

[2025-10-14 13:16:25 #26 type.registry] 
New type java.util.Vector<domain.Transaction>

[2025-10-14 13:16:25 #27 type.registry] 
New type java.util.Vector<domain.Complaint>

[2025-10-14 13:16:25 #28 type.registry] 
New type java.util.ArrayList<domain.Ride>

[2025-10-14 13:16:25 #29 type.registry] 
New type java.util.Vector<domain.Alert>

------------------------------------------------------------------------------------------------------------------------

[2025-10-14 13:22:19 #1 store] 
Database 'C:\Users\Agustin\git\IS2_Proyecto1.1\src\main\resources\rides.temp' is opened by 16836@DESKTOP-KL7S583

[2025-10-14 13:22:19 #2 type.registry] 
New type domain.Driver

[2025-10-14 13:22:19 #3 type] 
Type domain.Driver is not enhanced.

[2025-10-14 13:22:19 #4 type.registry] 
New type domain.Complaint

[2025-10-14 13:22:19 #5 type.registry] 
New type domain.Transaction

[2025-10-14 13:22:19 #6 type.registry] 
New type domain.Car

[2025-10-14 13:22:19 #7 type.registry] 
New type domain.Reservation

[2025-10-14 13:22:19 #8 type.registry] 
New type domain.Ride

[2025-10-14 13:22:19 #9 type.registry] 
New type int[]

[2025-10-14 13:22:19 #10 type] 
Type domain.Complaint is not enhanced.

[2025-10-14 13:22:19 #11 type] 
Type domain.Transaction is not enhanced.

[2025-10-14 13:22:19 #12 type.registry] 
New type domain.Traveler

[2025-10-14 13:22:19 #13 type] 
Type domain.Car is not enhanced.

[2025-10-14 13:22:19 #14 type] 
Type domain.Reservation is not enhanced.

[2025-10-14 13:22:19 #15 type] 
Type domain.Ride is not enhanced.

[2025-10-14 13:22:19 #16 type] 
Type domain.Traveler is not enhanced.

[2025-10-14 13:22:19 #17 type.registry] 
New type domain.Alert

[2025-10-14 13:22:19 #18 type] 
Type domain.Alert is not enhanced.

[2025-10-14 13:22:19 #19 type.registry] 
New type domain.Admin

[2025-10-14 13:22:19 #20 type] 
Type domain.Admin is not enhanced.

[2025-10-14 13:22:19 #21 type.registry] 
New type java.util.Vector<java.lang.Object>

[2025-10-14 13:22:19 #22 type.registry] 
New type java.util.ArrayList<java.lang.Object>

[2025-10-14 13:22:19 #23 type.registry] 
New type java.util.Vector<domain.Ride>

[2025-10-14 13:22:19 #24 type.registry] 
New type java.util.Vector<domain.Reservation>

[2025-10-14 13:22:19 #25 type.registry] 
New type java.util.Vector<domain.Car>

[2025-10-14 13:22:19 #26 type.registry] 
New type java.util.Vector<domain.Transaction>

[2025-10-14 13:22:19 #27 type.registry] 
New type java.util.Vector<domain.Complaint>

[2025-10-14 13:22:19 #28 type.registry] 
New type java.util.ArrayList<domain.Ride>

[2025-10-14 13:22:19 #29 type.registry] 
New type java.util.Vector<domain.Alert>

------------------------------------------------------------------------------------------------------------------------

[2025-10-14 13:23:03 #1 store] 
Database 'C:\Users\Agustin\git\IS2_Proyecto1.1\src\main\resources\rides.temp' is opened by 7576@DESKTOP-KL7S583

[2025-10-14 13:23:03 #2 type.registry] 
New type domain.Driver

[2025-10-14 13:23:03 #3 type] 
Type domain.Driver is not enhanced.

[2025-10-14 13:23:03 #4 type.registry] 
New type domain.Complaint

[2025-10-14 13:23:03 #5 type.registry] 
New type domain.Transaction

[2025-10-14 13:23:03 #6 type.registry] 
New type domain.Car

[2025-10-14 13:23:03 #7 type.registry] 
New type domain.Reservation

[2025-10-14 13:23:03 #8 type.registry] 
New type domain.Ride

[2025-10-14 13:23:03 #9 type.registry] 
New type int[]

[2025-10-14 13:23:03 #10 type] 
Type domain.Complaint is not enhanced.

[2025-10-14 13:23:03 #11 type] 
Type domain.Transaction is not enhanced.

[2025-10-14 13:23:03 #12 type.registry] 
New type domain.Traveler

[2025-10-14 13:23:03 #13 type] 
Type domain.Car is not enhanced.

[2025-10-14 13:23:03 #14 type] 
Type domain.Reservation is not enhanced.

[2025-10-14 13:23:03 #15 type] 
Type domain.Ride is not enhanced.

[2025-10-14 13:23:03 #16 type] 
Type domain.Traveler is not enhanced.

[2025-10-14 13:23:03 #17 type.registry] 
New type domain.Alert

[2025-10-14 13:23:03 #18 type] 
Type domain.Alert is not enhanced.

[2025-10-14 13:23:03 #19 type.registry] 
New type domain.Admin

[2025-10-14 13:23:03 #20 type] 
Type domain.Admin is not enhanced.

[2025-10-14 13:23:03 #21 type.registry] 
New type java.util.Vector<java.lang.Object>

[2025-10-14 13:23:03 #22 type.registry] 
New type java.util.ArrayList<java.lang.Object>

[2025-10-14 13:23:03 #23 type.registry] 
New type java.util.Vector<domain.Ride>

[2025-10-14 13:23:03 #24 type.registry] 
New type java.util.Vector<domain.Reservation>

[2025-10-14 13:23:03 #25 type.registry] 
New type java.util.Vector<domain.Car>

[2025-10-14 13:23:03 #26 type.registry] 
New type java.util.Vector<domain.Transaction>

[2025-10-14 13:23:03 #27 type.registry] 
New type java.util.Vector<domain.Complaint>

[2025-10-14 13:23:03 #28 type.registry] 
New type java.util.ArrayList<domain.Ride>

[2025-10-14 13:23:03 #29 type.registry] 
New type java.util.Vector<domain.Alert>

------------------------------------------------------------------------------------------------------------------------

[2025-10-14 13:24:17 #1 store] 
Database 'C:\Users\Agustin\git\IS2_Proyecto1.1\src\main\resources\rides.temp' is opened by 16092@DESKTOP-KL7S583

[2025-10-14 13:24:18 #2 type.registry] 
New type domain.Driver

[2025-10-14 13:24:18 #3 type] 
Type domain.Driver is not enhanced.

[2025-10-14 13:24:18 #4 type.registry] 
New type domain.Complaint

[2025-10-14 13:24:18 #5 type.registry] 
New type domain.Transaction

[2025-10-14 13:24:18 #6 type.registry] 
New type domain.Car

[2025-10-14 13:24:18 #7 type.registry] 
New type domain.Reservation

[2025-10-14 13:24:18 #8 type.registry] 
New type domain.Ride

[2025-10-14 13:24:18 #9 type.registry] 
New type int[]

[2025-10-14 13:24:18 #10 type] 
Type domain.Complaint is not enhanced.

[2025-10-14 13:24:18 #11 type] 
Type domain.Transaction is not enhanced.

[2025-10-14 13:24:18 #12 type.registry] 
New type domain.Traveler

[2025-10-14 13:24:18 #13 type] 
Type domain.Car is not enhanced.

[2025-10-14 13:24:18 #14 type] 
Type domain.Reservation is not enhanced.

[2025-10-14 13:24:18 #15 type] 
Type domain.Ride is not enhanced.

[2025-10-14 13:24:18 #16 type] 
Type domain.Traveler is not enhanced.

[2025-10-14 13:24:18 #17 type.registry] 
New type domain.Alert

[2025-10-14 13:24:18 #18 type] 
Type domain.Alert is not enhanced.

[2025-10-14 13:24:18 #19 type.registry] 
New type domain.Admin

[2025-10-14 13:24:18 #20 type] 
Type domain.Admin is not enhanced.

[2025-10-14 13:24:18 #21 type.registry] 
New type java.util.Vector<java.lang.Object>

[2025-10-14 13:24:18 #22 type.registry] 
New type java.util.ArrayList<java.lang.Object>

[2025-10-14 13:24:18 #23 type.registry] 
New type java.util.Vector<domain.Ride>

[2025-10-14 13:24:18 #24 type.registry] 
New type java.util.Vector<domain.Reservation>

[2025-10-14 13:24:18 #25 type.registry] 
New type java.util.Vector<domain.Car>

[2025-10-14 13:24:18 #26 type.registry] 
New type java.util.Vector<domain.Transaction>

[2025-10-14 13:24:18 #27 type.registry] 
New type java.util.Vector<domain.Complaint>

[2025-10-14 13:24:18 #28 type.registry] 
New type java.util.ArrayList<domain.Ride>

[2025-10-14 13:24:18 #29 type.registry] 
New type java.util.Vector<domain.Alert>

------------------------------------------------------------------------------------------------------------------------

[2025-10-14 13:25:54 #1 store] 
Database 'C:\Users\Agustin\git\IS2_Proyecto1.1\src\main\resources\rides.temp' is opened by 6124@DESKTOP-KL7S583

[2025-10-14 13:25:54 #2 type.registry] 
New type domain.Driver

[2025-10-14 13:25:54 #3 type] 
Type domain.Driver is not enhanced.

[2025-10-14 13:25:54 #4 type.registry] 
New type domain.Complaint

[2025-10-14 13:25:54 #5 type.registry] 
New type domain.Transaction

[2025-10-14 13:25:54 #6 type.registry] 
New type domain.Car

[2025-10-14 13:25:54 #7 type.registry] 
New type domain.Reservation

[2025-10-14 13:25:54 #8 type.registry] 
New type domain.Ride

[2025-10-14 13:25:54 #9 type.registry] 
New type int[]

[2025-10-14 13:25:55 #10 type] 
Type domain.Complaint is not enhanced.

[2025-10-14 13:25:55 #11 type] 
Type domain.Transaction is not enhanced.

[2025-10-14 13:25:55 #12 type.registry] 
New type domain.Traveler

[2025-10-14 13:25:55 #13 type] 
Type domain.Car is not enhanced.

[2025-10-14 13:25:55 #14 type] 
Type domain.Reservation is not enhanced.

[2025-10-14 13:25:55 #15 type] 
Type domain.Ride is not enhanced.

[2025-10-14 13:25:55 #16 type] 
Type domain.Traveler is not enhanced.

[2025-10-14 13:25:55 #17 type.registry] 
New type domain.Alert

[2025-10-14 13:25:55 #18 type] 
Type domain.Alert is not enhanced.

[2025-10-14 13:25:55 #19 type.registry] 
New type domain.Admin

[2025-10-14 13:25:55 #20 type] 
Type domain.Admin is not enhanced.

[2025-10-14 13:25:55 #21 type.registry] 
New type java.util.Vector<java.lang.Object>

[2025-10-14 13:25:55 #22 type.registry] 
New type java.util.ArrayList<java.lang.Object>

[2025-10-14 13:25:55 #23 type.registry] 
New type java.util.Vector<domain.Ride>

[2025-10-14 13:25:55 #24 type.registry] 
New type java.util.Vector<domain.Reservation>

[2025-10-14 13:25:55 #25 type.registry] 
New type java.util.Vector<domain.Car>

[2025-10-14 13:25:55 #26 type.registry] 
New type java.util.Vector<domain.Transaction>

[2025-10-14 13:25:55 #27 type.registry] 
New type java.util.Vector<domain.Complaint>

[2025-10-14 13:25:55 #28 type.registry] 
New type java.util.ArrayList<domain.Ride>

[2025-10-14 13:25:55 #29 type.registry] 
New type java.util.Vector<domain.Alert>

------------------------------------------------------------------------------------------------------------------------

[2025-10-14 13:26:17 #1 store] 
Database 'C:\Users\Agustin\git\IS2_Proyecto1.1\src\main\resources\rides.temp' is opened by 12912@DESKTOP-KL7S583

[2025-10-14 13:26:17 #2 type.registry] 
New type domain.Driver

[2025-10-14 13:26:17 #3 type] 
Type domain.Driver is not enhanced.

[2025-10-14 13:26:17 #4 type.registry] 
New type domain.Complaint

[2025-10-14 13:26:17 #5 type.registry] 
New type domain.Transaction

[2025-10-14 13:26:17 #6 type.registry] 
New type domain.Car

[2025-10-14 13:26:17 #7 type.registry] 
New type domain.Reservation

[2025-10-14 13:26:17 #8 type.registry] 
New type domain.Ride

[2025-10-14 13:26:17 #9 type.registry] 
New type int[]

[2025-10-14 13:26:17 #10 type] 
Type domain.Complaint is not enhanced.

[2025-10-14 13:26:17 #11 type] 
Type domain.Transaction is not enhanced.

[2025-10-14 13:26:17 #12 type.registry] 
New type domain.Traveler

[2025-10-14 13:26:17 #13 type] 
Type domain.Car is not enhanced.

[2025-10-14 13:26:17 #14 type] 
Type domain.Reservation is not enhanced.

[2025-10-14 13:26:17 #15 type] 
Type domain.Ride is not enhanced.

[2025-10-14 13:26:17 #16 type] 
Type domain.Traveler is not enhanced.

[2025-10-14 13:26:17 #17 type.registry] 
New type domain.Alert

[2025-10-14 13:26:17 #18 type] 
Type domain.Alert is not enhanced.

[2025-10-14 13:26:17 #19 type.registry] 
New type domain.Admin

[2025-10-14 13:26:17 #20 type] 
Type domain.Admin is not enhanced.

[2025-10-14 13:26:17 #21 type.registry] 
New type java.util.Vector<java.lang.Object>

[2025-10-14 13:26:17 #22 type.registry] 
New type java.util.ArrayList<java.lang.Object>

[2025-10-14 13:26:17 #23 type.registry] 
New type java.util.Vector<domain.Ride>

[2025-10-14 13:26:17 #24 type.registry] 
New type java.util.Vector<domain.Reservation>

[2025-10-14 13:26:17 #25 type.registry] 
New type java.util.Vector<domain.Car>

[2025-10-14 13:26:17 #26 type.registry] 
New type java.util.Vector<domain.Transaction>

[2025-10-14 13:26:17 #27 type.registry] 
New type java.util.Vector<domain.Complaint>

[2025-10-14 13:26:17 #28 type.registry] 
New type java.util.ArrayList<domain.Ride>

[2025-10-14 13:26:17 #29 type.registry] 
New type java.util.Vector<domain.Alert>

------------------------------------------------------------------------------------------------------------------------

[2025-10-14 13:26:35 #1 store] 
Database 'C:\Users\Agustin\git\IS2_Proyecto1.1\src\main\resources\rides.temp' is opened by 16848@DESKTOP-KL7S583

[2025-10-14 13:26:35 #2 type.registry] 
New type domain.Driver

[2025-10-14 13:26:35 #3 type] 
Type domain.Driver is not enhanced.

[2025-10-14 13:26:35 #4 type.registry] 
New type domain.Complaint

[2025-10-14 13:26:35 #5 type.registry] 
New type domain.Transaction

[2025-10-14 13:26:35 #6 type.registry] 
New type domain.Car

[2025-10-14 13:26:35 #7 type.registry] 
New type domain.Reservation

[2025-10-14 13:26:35 #8 type.registry] 
New type domain.Ride

[2025-10-14 13:26:35 #9 type.registry] 
New type int[]

[2025-10-14 13:26:35 #10 type] 
Type domain.Complaint is not enhanced.

[2025-10-14 13:26:35 #11 type] 
Type domain.Transaction is not enhanced.

[2025-10-14 13:26:35 #12 type.registry] 
New type domain.Traveler

[2025-10-14 13:26:35 #13 type] 
Type domain.Car is not enhanced.

[2025-10-14 13:26:35 #14 type] 
Type domain.Reservation is not enhanced.

[2025-10-14 13:26:35 #15 type] 
Type domain.Ride is not enhanced.

[2025-10-14 13:26:35 #16 type] 
Type domain.Traveler is not enhanced.

[2025-10-14 13:26:35 #17 type.registry] 
New type domain.Alert

[2025-10-14 13:26:35 #18 type] 
Type domain.Alert is not enhanced.

[2025-10-14 13:26:35 #19 type.registry] 
New type domain.Admin

[2025-10-14 13:26:35 #20 type] 
Type domain.Admin is not enhanced.

[2025-10-14 13:26:35 #21 type.registry] 
New type java.util.Vector<java.lang.Object>

[2025-10-14 13:26:35 #22 type.registry] 
New type java.util.ArrayList<java.lang.Object>

[2025-10-14 13:26:35 #23 type.registry] 
New type java.util.Vector<domain.Ride>

[2025-10-14 13:26:35 #24 type.registry] 
New type java.util.Vector<domain.Reservation>

[2025-10-14 13:26:35 #25 type.registry] 
New type java.util.Vector<domain.Car>

[2025-10-14 13:26:35 #26 type.registry] 
New type java.util.Vector<domain.Transaction>

[2025-10-14 13:26:35 #27 type.registry] 
New type java.util.Vector<domain.Complaint>

[2025-10-14 13:26:35 #28 type.registry] 
New type java.util.ArrayList<domain.Ride>

[2025-10-14 13:26:35 #29 type.registry] 
New type java.util.Vector<domain.Alert>

------------------------------------------------------------------------------------------------------------------------

[2025-10-14 13:27:11 #1 store] 
Database 'C:\Users\Agustin\git\IS2_Proyecto1.1\src\main\resources\rides.temp' is opened by 2152@DESKTOP-KL7S583

[2025-10-14 13:27:11 #2 type.registry] 
New type domain.Driver

[2025-10-14 13:27:11 #3 type] 
Type domain.Driver is not enhanced.

[2025-10-14 13:27:11 #4 type.registry] 
New type domain.Complaint

[2025-10-14 13:27:11 #5 type.registry] 
New type domain.Transaction

[2025-10-14 13:27:11 #6 type.registry] 
New type domain.Car

[2025-10-14 13:27:11 #7 type.registry] 
New type domain.Reservation

[2025-10-14 13:27:11 #8 type.registry] 
New type domain.Ride

[2025-10-14 13:27:11 #9 type.registry] 
New type int[]

[2025-10-14 13:27:11 #10 type] 
Type domain.Complaint is not enhanced.

[2025-10-14 13:27:11 #11 type] 
Type domain.Transaction is not enhanced.

[2025-10-14 13:27:11 #12 type.registry] 
New type domain.Traveler

[2025-10-14 13:27:11 #13 type] 
Type domain.Car is not enhanced.

[2025-10-14 13:27:11 #14 type] 
Type domain.Reservation is not enhanced.

[2025-10-14 13:27:11 #15 type] 
Type domain.Ride is not enhanced.

[2025-10-14 13:27:11 #16 type] 
Type domain.Traveler is not enhanced.

[2025-10-14 13:27:11 #17 type.registry] 
New type domain.Alert

[2025-10-14 13:27:11 #18 type] 
Type domain.Alert is not enhanced.

[2025-10-14 13:27:11 #19 type.registry] 
New type domain.Admin

[2025-10-14 13:27:11 #20 type] 
Type domain.Admin is not enhanced.

[2025-10-14 13:27:11 #21 type.registry] 
New type java.util.Vector<java.lang.Object>

[2025-10-14 13:27:11 #22 type.registry] 
New type java.util.ArrayList<java.lang.Object>

[2025-10-14 13:27:11 #23 type.registry] 
New type java.util.Vector<domain.Ride>

[2025-10-14 13:27:11 #24 type.registry] 
New type java.util.Vector<domain.Reservation>

[2025-10-14 13:27:11 #25 type.registry] 
New type java.util.Vector<domain.Car>

[2025-10-14 13:27:11 #26 type.registry] 
New type java.util.Vector<domain.Transaction>

[2025-10-14 13:27:11 #27 type.registry] 
New type java.util.Vector<domain.Complaint>

[2025-10-14 13:27:11 #28 type.registry] 
New type java.util.ArrayList<domain.Ride>

[2025-10-14 13:27:11 #29 type.registry] 
New type java.util.Vector<domain.Alert>

------------------------------------------------------------------------------------------------------------------------

[2025-10-14 13:28:12 #1 store] 
Database 'C:\Users\Agustin\git\IS2_Proyecto1.1\src\main\resources\rides.temp' is opened by 5964@DESKTOP-KL7S583

[2025-10-14 13:28:13 #2 type.registry] 
New type domain.Driver

[2025-10-14 13:28:13 #3 type] 
Type domain.Driver is not enhanced.

[2025-10-14 13:28:13 #4 type.registry] 
New type domain.Complaint

[2025-10-14 13:28:13 #5 type.registry] 
New type domain.Transaction

[2025-10-14 13:28:13 #6 type.registry] 
New type domain.Car

[2025-10-14 13:28:13 #7 type.registry] 
New type domain.Reservation

[2025-10-14 13:28:13 #8 type.registry] 
New type domain.Ride

[2025-10-14 13:28:13 #9 type.registry] 
New type int[]

[2025-10-14 13:28:13 #10 type] 
Type domain.Complaint is not enhanced.

[2025-10-14 13:28:13 #11 type] 
Type domain.Transaction is not enhanced.

[2025-10-14 13:28:13 #12 type.registry] 
New type domain.Traveler

[2025-10-14 13:28:13 #13 type] 
Type domain.Car is not enhanced.

[2025-10-14 13:28:13 #14 type] 
Type domain.Reservation is not enhanced.

[2025-10-14 13:28:13 #15 type] 
Type domain.Ride is not enhanced.

[2025-10-14 13:28:13 #16 type] 
Type domain.Traveler is not enhanced.

[2025-10-14 13:28:13 #17 type.registry] 
New type domain.Alert

[2025-10-14 13:28:13 #18 type] 
Type domain.Alert is not enhanced.

[2025-10-14 13:28:13 #19 type.registry] 
New type domain.Admin

[2025-10-14 13:28:13 #20 type] 
Type domain.Admin is not enhanced.

[2025-10-14 13:28:13 #21 type.registry] 
New type java.util.Vector<java.lang.Object>

[2025-10-14 13:28:13 #22 type.registry] 
New type java.util.ArrayList<java.lang.Object>

[2025-10-14 13:28:13 #23 type.registry] 
New type java.util.Vector<domain.Ride>

[2025-10-14 13:28:13 #24 type.registry] 
New type java.util.Vector<domain.Reservation>

[2025-10-14 13:28:13 #25 type.registry] 
New type java.util.Vector<domain.Car>

[2025-10-14 13:28:13 #26 type.registry] 
New type java.util.Vector<domain.Transaction>

[2025-10-14 13:28:13 #27 type.registry] 
New type java.util.Vector<domain.Complaint>

[2025-10-14 13:28:13 #28 type.registry] 
New type java.util.ArrayList<domain.Ride>

[2025-10-14 13:28:13 #29 type.registry] 
New type java.util.Vector<domain.Alert>

