------------------------------------------------------------------------------------------------------------------------

[2025-10-02 13:38:26 #1 store] 
Database 'C:\Users\Agustin\git\IS2_Proyecto1.1\src\main\resources\rides.temp' has been recovered (tr. 42-44)

[2025-10-02 13:38:26 #2 store] 
Database 'C:\Users\Agustin\git\IS2_Proyecto1.1\src\main\resources\rides.temp' is opened by 26968@DESKTOP-KL7S583

[2025-10-02 13:38:26 #3 type] 
Type domain.Driver is not enhanced.

[2025-10-02 13:38:26 #4 type] 
Type domain.Complaint is not enhanced.

[2025-10-02 13:38:26 #5 type] 
Type domain.Transaction is not enhanced.

[2025-10-02 13:38:26 #6 type] 
Type domain.Car is not enhanced.

[2025-10-02 13:38:26 #7 type] 
Type domain.Reservation is not enhanced.

[2025-10-02 13:38:26 #8 type] 
Type domain.Ride is not enhanced.

[2025-10-02 13:38:26 #9 type] 
Type domain.Traveler is not enhanced.

[2025-10-02 13:38:26 #10 type] 
Type domain.Alert is not enhanced.

[2025-10-02 13:38:26 #11 type] 
Type domain.Admin is not enhanced.

------------------------------------------------------------------------------------------------------------------------

[2025-10-02 13:56:24 #1 store] 
Database 'C:\Users\Agustin\git\IS2_Proyecto1.1\src\main\resources\rides.temp' has been recovered (tr. 45-45)

[2025-10-02 13:56:24 #2 store] 
Database 'C:\Users\Agustin\git\IS2_Proyecto1.1\src\main\resources\rides.temp' is opened by 25980@DESKTOP-KL7S583

[2025-10-02 13:56:24 #3 type] 
Type domain.Driver is not enhanced.

[2025-10-02 13:56:24 #4 type] 
Type domain.Complaint is not enhanced.

[2025-10-02 13:56:24 #5 type] 
Type domain.Transaction is not enhanced.

[2025-10-02 13:56:24 #6 type] 
Type domain.Car is not enhanced.

[2025-10-02 13:56:24 #7 type] 
Type domain.Reservation is not enhanced.

[2025-10-02 13:56:24 #8 type] 
Type domain.Ride is not enhanced.

[2025-10-02 13:56:24 #9 type] 
Type domain.Traveler is not enhanced.

[2025-10-02 13:56:24 #10 type] 
Type domain.Alert is not enhanced.

[2025-10-02 13:56:24 #11 type] 
Type domain.Admin is not enhanced.

[2025-10-02 13:56:24 #12 type.registry] 
New type java.util.ArrayList<java.lang.Object>

[2025-10-02 13:56:24 #13 type.registry] 
New type java.util.ArrayList<domain.Ride>

------------------------------------------------------------------------------------------------------------------------

[2025-10-02 13:59:09 #1 store] 
Database 'C:\Users\Agustin\git\IS2_Proyecto1.1\src\main\resources\rides.temp' has been recovered (tr. 46-58)

[2025-10-02 13:59:09 #2 store] 
Database 'C:\Users\Agustin\git\IS2_Proyecto1.1\src\main\resources\rides.temp' is opened by 27408@DESKTOP-KL7S583

[2025-10-02 13:59:09 #3 type] 
Type domain.Driver is not enhanced.

[2025-10-02 13:59:09 #4 type] 
Type domain.Complaint is not enhanced.

[2025-10-02 13:59:09 #5 type] 
Type domain.Transaction is not enhanced.

[2025-10-02 13:59:09 #6 type] 
Type domain.Car is not enhanced.

[2025-10-02 13:59:09 #7 type] 
Type domain.Reservation is not enhanced.

[2025-10-02 13:59:09 #8 type] 
Type domain.Ride is not enhanced.

[2025-10-02 13:59:09 #9 type] 
Type domain.Traveler is not enhanced.

[2025-10-02 13:59:09 #10 type] 
Type domain.Alert is not enhanced.

[2025-10-02 13:59:09 #11 type] 
Type domain.Admin is not enhanced.

------------------------------------------------------------------------------------------------------------------------

[2025-10-02 13:59:25 #1 store] 
Database 'C:\Users\Agustin\git\IS2_Proyecto1.1\src\main\resources\rides.temp' has been recovered (tr. 59-61)

[2025-10-02 13:59:25 #2 store] 
Database 'C:\Users\Agustin\git\IS2_Proyecto1.1\src\main\resources\rides.temp' is opened by 10676@DESKTOP-KL7S583

[2025-10-02 13:59:25 #3 type] 
Type domain.Driver is not enhanced.

[2025-10-02 13:59:25 #4 type] 
Type domain.Complaint is not enhanced.

[2025-10-02 13:59:25 #5 type] 
Type domain.Transaction is not enhanced.

[2025-10-02 13:59:25 #6 type] 
Type domain.Car is not enhanced.

[2025-10-02 13:59:25 #7 type] 
Type domain.Reservation is not enhanced.

[2025-10-02 13:59:25 #8 type] 
Type domain.Ride is not enhanced.

[2025-10-02 13:59:25 #9 type] 
Type domain.Traveler is not enhanced.

[2025-10-02 13:59:25 #10 type] 
Type domain.Alert is not enhanced.

[2025-10-02 13:59:25 #11 type] 
Type domain.Admin is not enhanced.

------------------------------------------------------------------------------------------------------------------------

[2025-10-02 17:08:26 #1 store] 
Database 'C:\Users\Agustin\git\IS2_Proyecto1.1\src\main\resources\rides.temp' has been recovered (tr. 62-71)

[2025-10-02 17:08:27 #2 store] 
Database 'C:\Users\Agustin\git\IS2_Proyecto1.1\src\main\resources\rides.temp' is opened by 20484@DESKTOP-KL7S583

[2025-10-02 17:08:27 #3 type] 
Type domain.Driver is not enhanced.

[2025-10-02 17:08:27 #4 type] 
Type domain.Complaint is not enhanced.

[2025-10-02 17:08:27 #5 type] 
Type domain.Transaction is not enhanced.

[2025-10-02 17:08:27 #6 type] 
Type domain.Car is not enhanced.

[2025-10-02 17:08:27 #7 type] 
Type domain.Reservation is not enhanced.

[2025-10-02 17:08:27 #8 type] 
Type domain.Ride is not enhanced.

[2025-10-02 17:08:27 #9 type] 
Type domain.Traveler is not enhanced.

[2025-10-02 17:08:27 #10 type] 
Type domain.Alert is not enhanced.

[2025-10-02 17:08:27 #11 type] 
Type domain.Admin is not enhanced.

------------------------------------------------------------------------------------------------------------------------

[2025-10-02 17:23:34 #1 store] 
Database 'C:\Users\Agustin\git\IS2_Proyecto1.1\src\main\resources\rides.temp' has been recovered (tr. 72-81)

[2025-10-02 17:23:34 #2 store] 
Database 'C:\Users\Agustin\git\IS2_Proyecto1.1\src\main\resources\rides.temp' is opened by 20676@DESKTOP-KL7S583

[2025-10-02 17:23:34 #3 type] 
Type domain.Driver is not enhanced.

[2025-10-02 17:23:34 #4 type] 
Type domain.Complaint is not enhanced.

[2025-10-02 17:23:34 #5 type] 
Type domain.Transaction is not enhanced.

[2025-10-02 17:23:34 #6 type] 
Type domain.Car is not enhanced.

[2025-10-02 17:23:34 #7 type] 
Type domain.Reservation is not enhanced.

[2025-10-02 17:23:34 #8 type] 
Type domain.Ride is not enhanced.

[2025-10-02 17:23:34 #9 type] 
Type domain.Traveler is not enhanced.

[2025-10-02 17:23:34 #10 type] 
Type domain.Alert is not enhanced.

[2025-10-02 17:23:34 #11 type] 
Type domain.Admin is not enhanced.

------------------------------------------------------------------------------------------------------------------------

[2025-10-02 18:05:27 #1 store] 
Database 'C:\Users\Agustin\git\IS2_Proyecto1.1\src\main\resources\rides.temp' has been recovered (tr. 82-91)

[2025-10-02 18:05:27 #2 store] 
Database 'C:\Users\Agustin\git\IS2_Proyecto1.1\src\main\resources\rides.temp' is opened by 2620@DESKTOP-KL7S583

[2025-10-02 18:05:27 #3 type] 
Type domain.Driver is not enhanced.

[2025-10-02 18:05:27 #4 type] 
Type domain.Complaint is not enhanced.

[2025-10-02 18:05:27 #5 type] 
Type domain.Transaction is not enhanced.

[2025-10-02 18:05:27 #6 type] 
Type domain.Car is not enhanced.

[2025-10-02 18:05:27 #7 type] 
Type domain.Reservation is not enhanced.

[2025-10-02 18:05:27 #8 type] 
Type domain.Ride is not enhanced.

[2025-10-02 18:05:27 #9 type] 
Type domain.Traveler is not enhanced.

[2025-10-02 18:05:27 #10 type] 
Type domain.Alert is not enhanced.

[2025-10-02 18:05:27 #11 type] 
Type domain.Admin is not enhanced.

------------------------------------------------------------------------------------------------------------------------

[2025-10-02 18:12:02 #1 store] 
Database 'C:\Users\Agustin\git\IS2_Proyecto1.1\src\main\resources\rides.temp' has been recovered (tr. 92-101)

[2025-10-02 18:12:02 #2 store] 
Database 'C:\Users\Agustin\git\IS2_Proyecto1.1\src\main\resources\rides.temp' is opened by 19484@DESKTOP-KL7S583

[2025-10-02 18:12:02 #3 type] 
Type domain.Driver is not enhanced.

[2025-10-02 18:12:02 #4 type] 
Type domain.Complaint is not enhanced.

[2025-10-02 18:12:02 #5 type] 
Type domain.Transaction is not enhanced.

[2025-10-02 18:12:02 #6 type] 
Type domain.Car is not enhanced.

[2025-10-02 18:12:02 #7 type] 
Type domain.Reservation is not enhanced.

[2025-10-02 18:12:02 #8 type] 
Type domain.Ride is not enhanced.

[2025-10-02 18:12:02 #9 type] 
Type domain.Traveler is not enhanced.

[2025-10-02 18:12:02 #10 type] 
Type domain.Alert is not enhanced.

[2025-10-02 18:12:02 #11 type] 
Type domain.Admin is not enhanced.

------------------------------------------------------------------------------------------------------------------------

[2025-10-02 18:32:32 #1 store] 
Database 'C:\Users\Agustin\git\IS2_Proyecto1.1\src\main\resources\rides.temp' has been recovered (tr. 102-111)

[2025-10-02 18:32:32 #2 store] 
Database 'C:\Users\Agustin\git\IS2_Proyecto1.1\src\main\resources\rides.temp' is opened by 19468@DESKTOP-KL7S583

[2025-10-02 18:32:32 #3 type] 
Type domain.Driver is not enhanced.

[2025-10-02 18:32:32 #4 type] 
Type domain.Complaint is not enhanced.

[2025-10-02 18:32:32 #5 type] 
Type domain.Transaction is not enhanced.

[2025-10-02 18:32:32 #6 type] 
Type domain.Car is not enhanced.

[2025-10-02 18:32:32 #7 type] 
Type domain.Reservation is not enhanced.

[2025-10-02 18:32:32 #8 type] 
Type domain.Ride is not enhanced.

[2025-10-02 18:32:32 #9 type] 
Type domain.Traveler is not enhanced.

[2025-10-02 18:32:32 #10 type] 
Type domain.Alert is not enhanced.

[2025-10-02 18:32:32 #11 type] 
Type domain.Admin is not enhanced.

