------------------------------------------------------------------------------------------------------------------------

[2025-10-07 00:06:24 #1 store] 
Database 'C:\Users\Agustin\git\IS2_Proyecto1.1\src\main\resources\rides.temp' has been recovered (tr. 280-333)

[2025-10-07 00:06:24 #2 store] 
Database 'C:\Users\Agustin\git\IS2_Proyecto1.1\src\main\resources\rides.temp' is opened by 28572@DESKTOP-KL7S583

[2025-10-07 00:06:24 #3 type] 
Type domain.Driver is not enhanced.

[2025-10-07 00:06:24 #4 type] 
Type domain.Complaint is not enhanced.

[2025-10-07 00:06:24 #5 type] 
Type domain.Transaction is not enhanced.

[2025-10-07 00:06:24 #6 type] 
Type domain.Car is not enhanced.

[2025-10-07 00:06:24 #7 type] 
Type domain.Reservation is not enhanced.

[2025-10-07 00:06:24 #8 type] 
Type domain.Ride is not enhanced.

[2025-10-07 00:06:24 #9 type] 
Type domain.Traveler is not enhanced.

[2025-10-07 00:06:24 #10 type] 
Type domain.Alert is not enhanced.

------------------------------------------------------------------------------------------------------------------------

<<<<<<< HEAD
[2025-10-07 15:40:02 #1 store] 
Database 'C:\Users\Gaizka\git\IS2_Proyecto1.1\src\main\resources\rides.temp' has been recovered (tr. 336-476)

[2025-10-07 15:40:02 #2 store] 
Database 'C:\Users\Gaizka\git\IS2_Proyecto1.1\src\main\resources\rides.temp' is opened by 2400@DESKTOP-EFGPFA0

[2025-10-07 15:40:02 #3 type] 
Type domain.Driver is not enhanced.

[2025-10-07 15:40:02 #4 type] 
Type domain.Complaint is not enhanced.

[2025-10-07 15:40:02 #5 type] 
Type domain.Transaction is not enhanced.

[2025-10-07 15:40:02 #6 type] 
Type domain.Car is not enhanced.

[2025-10-07 15:40:02 #7 type] 
Type domain.Reservation is not enhanced.

[2025-10-07 15:40:02 #8 type] 
Type domain.Ride is not enhanced.

[2025-10-07 15:40:02 #9 type] 
Type domain.Traveler is not enhanced.

[2025-10-07 15:40:02 #10 type] 
=======
[2025-10-07 17:38:09 #1 store] 
Database 'C:\Users\Agustin\git\IS2_Proyecto1.1\src\main\resources\rides.temp' has been recovered (tr. 336-476)

[2025-10-07 17:38:09 #2 store] 
Database 'C:\Users\Agustin\git\IS2_Proyecto1.1\src\main\resources\rides.temp' is opened by 25468@DESKTOP-KL7S583

[2025-10-07 17:38:09 #3 type] 
Type domain.Driver is not enhanced.

[2025-10-07 17:38:09 #4 type] 
Type domain.Complaint is not enhanced.

[2025-10-07 17:38:09 #5 type] 
Type domain.Transaction is not enhanced.

[2025-10-07 17:38:09 #6 type] 
Type domain.Car is not enhanced.

[2025-10-07 17:38:09 #7 type] 
Type domain.Reservation is not enhanced.

[2025-10-07 17:38:09 #8 type] 
Type domain.Ride is not enhanced.

[2025-10-07 17:38:09 #9 type] 
Type domain.Traveler is not enhanced.

[2025-10-07 17:38:09 #10 type] 
Type domain.Alert is not enhanced.

------------------------------------------------------------------------------------------------------------------------

[2025-10-07 20:06:25 #1 store] 
Database 'C:\Users\Agustin\git\IS2_Proyecto1.1\src\main\resources\rides.temp' has been recovered (tr. 477-479)

[2025-10-07 20:06:25 #2 store] 
Database 'C:\Users\Agustin\git\IS2_Proyecto1.1\src\main\resources\rides.temp' is opened by 19244@DESKTOP-KL7S583

[2025-10-07 20:06:25 #3 type] 
Type domain.Driver is not enhanced.

[2025-10-07 20:06:25 #4 type] 
Type domain.Complaint is not enhanced.

[2025-10-07 20:06:25 #5 type] 
Type domain.Transaction is not enhanced.

[2025-10-07 20:06:25 #6 type] 
Type domain.Car is not enhanced.

[2025-10-07 20:06:25 #7 type] 
Type domain.Reservation is not enhanced.

[2025-10-07 20:06:25 #8 type] 
Type domain.Ride is not enhanced.

[2025-10-07 20:06:25 #9 type] 
Type domain.Traveler is not enhanced.

[2025-10-07 20:06:25 #10 type] 
Type domain.Alert is not enhanced.

------------------------------------------------------------------------------------------------------------------------

[2025-10-07 20:43:20 #1 store] 
Database 'C:\Users\Agustin\git\IS2_Proyecto1.1\src\main\resources\rides.temp' has been recovered (tr. 481-543)

[2025-10-07 20:43:20 #2 store] 
Database 'C:\Users\Agustin\git\IS2_Proyecto1.1\src\main\resources\rides.temp' is opened by 11000@DESKTOP-KL7S583

[2025-10-07 20:43:20 #3 type] 
Type domain.Driver is not enhanced.

[2025-10-07 20:43:20 #4 type] 
Type domain.Complaint is not enhanced.

[2025-10-07 20:43:20 #5 type] 
Type domain.Transaction is not enhanced.

[2025-10-07 20:43:20 #6 type] 
Type domain.Car is not enhanced.

[2025-10-07 20:43:20 #7 type] 
Type domain.Reservation is not enhanced.

[2025-10-07 20:43:20 #8 type] 
Type domain.Ride is not enhanced.

[2025-10-07 20:43:20 #9 type] 
Type domain.Traveler is not enhanced.

[2025-10-07 20:43:20 #10 type] 
Type domain.Alert is not enhanced.

------------------------------------------------------------------------------------------------------------------------

[2025-10-07 22:17:22 #1 store] 
Database 'C:\Users\Agustin\git\IS2_Proyecto1.1\src\main\resources\rides.temp' has been recovered (tr. 544-545)

[2025-10-07 22:17:22 #2 store] 
Database 'C:\Users\Agustin\git\IS2_Proyecto1.1\src\main\resources\rides.temp' is opened by 27972@DESKTOP-KL7S583

[2025-10-07 22:17:22 #3 type] 
Type domain.Driver is not enhanced.

[2025-10-07 22:17:22 #4 type] 
Type domain.Complaint is not enhanced.

[2025-10-07 22:17:22 #5 type] 
Type domain.Transaction is not enhanced.

[2025-10-07 22:17:22 #6 type] 
Type domain.Car is not enhanced.

[2025-10-07 22:17:22 #7 type] 
Type domain.Reservation is not enhanced.

[2025-10-07 22:17:22 #8 type] 
Type domain.Ride is not enhanced.

[2025-10-07 22:17:22 #9 type] 
Type domain.Traveler is not enhanced.

[2025-10-07 22:17:22 #10 type] 
Type domain.Alert is not enhanced.

------------------------------------------------------------------------------------------------------------------------

[2025-10-07 22:18:37 #1 store] 
Database 'C:\Users\Agustin\git\IS2_Proyecto1.1\src\main\resources\rides.temp' has been recovered (tr. 550-603)

[2025-10-07 22:18:37 #2 store] 
Database 'C:\Users\Agustin\git\IS2_Proyecto1.1\src\main\resources\rides.temp' is opened by 16724@DESKTOP-KL7S583

[2025-10-07 22:18:37 #3 type] 
Type domain.Driver is not enhanced.

[2025-10-07 22:18:37 #4 type] 
Type domain.Complaint is not enhanced.

[2025-10-07 22:18:37 #5 type] 
Type domain.Transaction is not enhanced.

[2025-10-07 22:18:37 #6 type] 
Type domain.Car is not enhanced.

[2025-10-07 22:18:37 #7 type] 
Type domain.Reservation is not enhanced.

[2025-10-07 22:18:37 #8 type] 
Type domain.Ride is not enhanced.

[2025-10-07 22:18:37 #9 type] 
Type domain.Traveler is not enhanced.

[2025-10-07 22:18:37 #10 type] 
Type domain.Alert is not enhanced.

------------------------------------------------------------------------------------------------------------------------

[2025-10-07 22:19:47 #1 store] 
Database 'C:\Users\Agustin\git\IS2_Proyecto1.1\src\main\resources\rides.temp' has been recovered (tr. 606-659)

[2025-10-07 22:19:48 #2 store] 
Database 'C:\Users\Agustin\git\IS2_Proyecto1.1\src\main\resources\rides.temp' is opened by 15888@DESKTOP-KL7S583

[2025-10-07 22:19:48 #3 type] 
Type domain.Driver is not enhanced.

[2025-10-07 22:19:48 #4 type] 
Type domain.Complaint is not enhanced.

[2025-10-07 22:19:48 #5 type] 
Type domain.Transaction is not enhanced.

[2025-10-07 22:19:48 #6 type] 
Type domain.Car is not enhanced.

[2025-10-07 22:19:48 #7 type] 
Type domain.Reservation is not enhanced.

[2025-10-07 22:19:48 #8 type] 
Type domain.Ride is not enhanced.

[2025-10-07 22:19:48 #9 type] 
Type domain.Traveler is not enhanced.

[2025-10-07 22:19:48 #10 type] 
Type domain.Alert is not enhanced.

------------------------------------------------------------------------------------------------------------------------

[2025-10-07 22:20:16 #1 store] 
Database 'C:\Users\Agustin\git\IS2_Proyecto1.1\src\main\resources\rides.temp' has been recovered (tr. 662-715)

[2025-10-07 22:20:16 #2 store] 
Database 'C:\Users\Agustin\git\IS2_Proyecto1.1\src\main\resources\rides.temp' is opened by 1648@DESKTOP-KL7S583

[2025-10-07 22:20:16 #3 type] 
Type domain.Driver is not enhanced.

[2025-10-07 22:20:16 #4 type] 
Type domain.Complaint is not enhanced.

[2025-10-07 22:20:16 #5 type] 
Type domain.Transaction is not enhanced.

[2025-10-07 22:20:16 #6 type] 
Type domain.Car is not enhanced.

[2025-10-07 22:20:16 #7 type] 
Type domain.Reservation is not enhanced.

[2025-10-07 22:20:16 #8 type] 
Type domain.Ride is not enhanced.

[2025-10-07 22:20:16 #9 type] 
Type domain.Traveler is not enhanced.

[2025-10-07 22:20:16 #10 type] 
Type domain.Alert is not enhanced.

------------------------------------------------------------------------------------------------------------------------

[2025-10-07 22:23:57 #1 store] 
Database 'C:\Users\Agustin\git\IS2_Proyecto1.1\src\main\resources\rides.temp' has been recovered (tr. 718-771)

[2025-10-07 22:23:57 #2 store] 
Database 'C:\Users\Agustin\git\IS2_Proyecto1.1\src\main\resources\rides.temp' is opened by 21848@DESKTOP-KL7S583

[2025-10-07 22:23:57 #3 type] 
Type domain.Driver is not enhanced.

[2025-10-07 22:23:57 #4 type] 
Type domain.Complaint is not enhanced.

[2025-10-07 22:23:57 #5 type] 
Type domain.Transaction is not enhanced.

[2025-10-07 22:23:57 #6 type] 
Type domain.Car is not enhanced.

[2025-10-07 22:23:57 #7 type] 
Type domain.Reservation is not enhanced.

[2025-10-07 22:23:57 #8 type] 
Type domain.Ride is not enhanced.

[2025-10-07 22:23:57 #9 type] 
Type domain.Traveler is not enhanced.

[2025-10-07 22:23:57 #10 type] 
Type domain.Alert is not enhanced.

------------------------------------------------------------------------------------------------------------------------

[2025-10-07 22:26:39 #1 store] 
Database 'C:\Users\Agustin\git\IS2_Proyecto1.1\src\main\resources\rides.temp' has been recovered (tr. 774-827)

[2025-10-07 22:26:39 #2 store] 
Database 'C:\Users\Agustin\git\IS2_Proyecto1.1\src\main\resources\rides.temp' is opened by 17456@DESKTOP-KL7S583

[2025-10-07 22:26:40 #3 type] 
Type domain.Driver is not enhanced.

[2025-10-07 22:26:40 #4 type] 
Type domain.Complaint is not enhanced.

[2025-10-07 22:26:40 #5 type] 
Type domain.Transaction is not enhanced.

[2025-10-07 22:26:40 #6 type] 
Type domain.Car is not enhanced.

[2025-10-07 22:26:40 #7 type] 
Type domain.Reservation is not enhanced.

[2025-10-07 22:26:40 #8 type] 
Type domain.Ride is not enhanced.

[2025-10-07 22:26:40 #9 type] 
Type domain.Traveler is not enhanced.

[2025-10-07 22:26:40 #10 type] 
Type domain.Alert is not enhanced.

------------------------------------------------------------------------------------------------------------------------

[2025-10-07 22:32:22 #1 store] 
Database 'C:\Users\Agustin\git\IS2_Proyecto1.1\src\main\resources\rides.temp' has been recovered (tr. 830-883)

[2025-10-07 22:32:22 #2 store] 
Database 'C:\Users\Agustin\git\IS2_Proyecto1.1\src\main\resources\rides.temp' is opened by 10232@DESKTOP-KL7S583

[2025-10-07 22:32:22 #3 type] 
Type domain.Driver is not enhanced.

[2025-10-07 22:32:22 #4 type] 
Type domain.Complaint is not enhanced.

[2025-10-07 22:32:22 #5 type] 
Type domain.Transaction is not enhanced.

[2025-10-07 22:32:22 #6 type] 
Type domain.Car is not enhanced.

[2025-10-07 22:32:22 #7 type] 
Type domain.Reservation is not enhanced.

[2025-10-07 22:32:22 #8 type] 
Type domain.Ride is not enhanced.

[2025-10-07 22:32:22 #9 type] 
Type domain.Traveler is not enhanced.

[2025-10-07 22:32:22 #10 type] 
Type domain.Alert is not enhanced.

------------------------------------------------------------------------------------------------------------------------

[2025-10-07 22:40:18 #1 store] 
Database 'C:\Users\Agustin\git\IS2_Proyecto1.1\src\main\resources\rides.temp' has been recovered (tr. 884-885)

[2025-10-07 22:40:18 #2 store] 
Database 'C:\Users\Agustin\git\IS2_Proyecto1.1\src\main\resources\rides.temp' is opened by 10788@DESKTOP-KL7S583

[2025-10-07 22:40:18 #3 type] 
Type domain.Driver is not enhanced.

[2025-10-07 22:40:18 #4 type] 
Type domain.Complaint is not enhanced.

[2025-10-07 22:40:18 #5 type] 
Type domain.Transaction is not enhanced.

[2025-10-07 22:40:18 #6 type] 
Type domain.Car is not enhanced.

[2025-10-07 22:40:18 #7 type] 
Type domain.Reservation is not enhanced.

[2025-10-07 22:40:18 #8 type] 
Type domain.Ride is not enhanced.

[2025-10-07 22:40:18 #9 type] 
Type domain.Traveler is not enhanced.

[2025-10-07 22:40:18 #10 type] 
Type domain.Alert is not enhanced.

------------------------------------------------------------------------------------------------------------------------

[2025-10-07 22:42:43 #1 store] 
Database 'C:\Users\Agustin\git\IS2_Proyecto1.1\src\main\resources\rides.temp' is opened by 22572@DESKTOP-KL7S583

[2025-10-07 22:42:43 #2 type] 
Type domain.Driver is not enhanced.

[2025-10-07 22:42:43 #3 type] 
Type domain.Complaint is not enhanced.

[2025-10-07 22:42:43 #4 type] 
Type domain.Transaction is not enhanced.

[2025-10-07 22:42:43 #5 type] 
Type domain.Car is not enhanced.

[2025-10-07 22:42:43 #6 type] 
Type domain.Reservation is not enhanced.

[2025-10-07 22:42:43 #7 type] 
Type domain.Ride is not enhanced.

[2025-10-07 22:42:43 #8 type] 
Type domain.Traveler is not enhanced.

[2025-10-07 22:42:43 #9 type] 
Type domain.Alert is not enhanced.

------------------------------------------------------------------------------------------------------------------------

[2025-10-07 22:44:44 #1 store] 
Database 'C:\Users\Agustin\git\IS2_Proyecto1.1\src\main\resources\rides.temp' is opened by 25980@DESKTOP-KL7S583

[2025-10-07 22:44:44 #2 type] 
Type domain.Driver is not enhanced.

[2025-10-07 22:44:44 #3 type] 
Type domain.Complaint is not enhanced.

[2025-10-07 22:44:44 #4 type] 
Type domain.Transaction is not enhanced.

[2025-10-07 22:44:44 #5 type] 
Type domain.Car is not enhanced.

[2025-10-07 22:44:44 #6 type] 
Type domain.Reservation is not enhanced.

[2025-10-07 22:44:44 #7 type] 
Type domain.Ride is not enhanced.

[2025-10-07 22:44:44 #8 type] 
Type domain.Traveler is not enhanced.

[2025-10-07 22:44:44 #9 type] 
Type domain.Alert is not enhanced.

------------------------------------------------------------------------------------------------------------------------

[2025-10-07 22:46:09 #1 store] 
Database 'C:\Users\Agustin\git\IS2_Proyecto1.1\src\main\resources\rides.temp' has been recovered (tr. 891-916)

[2025-10-07 22:46:09 #2 store] 
Database 'C:\Users\Agustin\git\IS2_Proyecto1.1\src\main\resources\rides.temp' is opened by 10376@DESKTOP-KL7S583

[2025-10-07 22:46:09 #3 type] 
Type domain.Driver is not enhanced.

[2025-10-07 22:46:09 #4 type] 
Type domain.Complaint is not enhanced.

[2025-10-07 22:46:09 #5 type] 
Type domain.Transaction is not enhanced.

[2025-10-07 22:46:09 #6 type] 
Type domain.Car is not enhanced.

[2025-10-07 22:46:09 #7 type] 
Type domain.Reservation is not enhanced.

[2025-10-07 22:46:09 #8 type] 
Type domain.Ride is not enhanced.

[2025-10-07 22:46:09 #9 type] 
Type domain.Traveler is not enhanced.

[2025-10-07 22:46:09 #10 type] 
>>>>>>> branch 'main' of https://github.com/ProyectoIS2/IS2_Proyecto1.1.git
Type domain.Alert is not enhanced.

